2017-06-13 23:03:58.922 [info] <0.31.0> Application lager started on node nonode@nohost
2017-06-13 23:03:58.922 [error] <0.256.0> Supervisor sentibot_sup had child sentibot_kvs started with sentibot_kvs:start_link() at undefined exit with reason {'EXIT',{undef,[{sentibot_kvs,start_link,[],[]},{supervisor,do_start_child,2,[{file,"supervisor.erl"},{line,365}]},{supervisor,start_children,3,[{file,"supervisor.erl"},{line,348}]},{supervisor,init_children,2,[{file,"supervisor.erl"},{line,314}]},{gen_server,init_it,6,[{file,"gen_server.erl"},{line,328}]},{proc_lib,init_p_do_apply,3,[{file,"proc_lib.erl"},{line,247}]}]}} in context start_error
2017-06-13 23:03:58.922 [error] <0.223.0> CRASH REPORT Process <0.223.0> with 0 neighbours exited with reason: {{shutdown,{failed_to_start_child,sentibot_kvs,{'EXIT',{undef,[{sentibot_kvs,start_link,[],[]},{supervisor,do_start_child,2,[{file,"supervisor.erl"},{line,365}]},{supervisor,start_children,3,[{file,"supervisor.erl"},{line,348}]},{supervisor,init_children,2,[{file,"supervisor.erl"},{line,314}]},{gen_server,init_it,6,[{file,"gen_server.erl"},{line,328}]},{proc_lib,init_p_do_apply,3,[{file,"proc_lib.erl"},{line,247}]}]}}}},{sentibot_app,start,[normal,[]]}} in application_master:init/4 line 134
2017-06-13 23:03:58.923 [info] <0.31.0> Application sentibot exited with reason: {{shutdown,{failed_to_start_child,sentibot_kvs,{'EXIT',{undef,[{sentibot_kvs,start_link,[],[]},{supervisor,do_start_child,2,[{file,"supervisor.erl"},{line,365}]},{supervisor,start_children,3,[{file,"supervisor.erl"},{line,348}]},{supervisor,init_children,2,[{file,"supervisor.erl"},{line,314}]},{gen_server,init_it,6,[{file,"gen_server.erl"},{line,328}]},{proc_lib,init_p_do_apply,3,[{file,"proc_lib.erl"},{line,247}]}]}}}},{sentibot_app,start,[normal,[]]}}
2017-06-13 23:42:27.189 [info] <0.31.0> Application lager started on node nonode@nohost
2017-06-13 23:42:27.202 [error] <0.257.0>@sentibot_kvs:init CRASH REPORT Process <0.257.0> with 0 neighbours exited with reason: call to undefined function sentibot_kvs:init([]) in gen_fsm:init_it/6 line 343
2017-06-13 23:42:27.202 [error] <0.256.0>@sentibot_kvs:init Supervisor sentibot_sup had child sentibot_kvs started with sentibot_kvs:start_link() at undefined exit with reason call to undefined function sentibot_kvs:init([]) in context start_error
2017-06-13 23:42:27.202 [error] <0.223.0> CRASH REPORT Process <0.223.0> with 0 neighbours exited with reason: {{shutdown,{failed_to_start_child,sentibot_kvs,{undef,[{sentibot_kvs,init,[[]],[]},{gen_fsm,init_it,6,[{file,"gen_fsm.erl"},{line,325}]},{proc_lib,init_p_do_apply,3,[{file,"proc_lib.erl"},{line,247}]}]}}},{sentibot_app,start,[normal,[]]}} in application_master:init/4 line 134
2017-06-13 23:42:27.203 [info] <0.31.0> Application sentibot exited with reason: {{shutdown,{failed_to_start_child,sentibot_kvs,{undef,[{sentibot_kvs,init,[[]],[]},{gen_fsm,init_it,6,[{file,"gen_fsm.erl"},{line,325}]},{proc_lib,init_p_do_apply,3,[{file,"proc_lib.erl"},{line,247}]}]}}},{sentibot_app,start,[normal,[]]}}
2017-06-13 23:43:23.195 [info] <0.31.0> Application sentibot started on node nonode@nohost
2017-06-13 23:50:00.046 [info] <0.31.0> Application lager started on node nonode@nohost
2017-06-13 23:50:00.053 [info] <0.31.0> Application sentibot started on node nonode@nohost
2017-06-13 23:54:44.973 [info] <0.31.0> Application lager started on node nonode@nohost
2017-06-13 23:54:44.980 [info] <0.31.0> Application sentibot started on node nonode@nohost
2017-06-13 23:55:22.291 [info] <0.31.0> Application lager started on node nonode@nohost
2017-06-13 23:55:22.297 [info] <0.31.0> Application sentibot started on node nonode@nohost
2017-06-14 01:07:33.472 [info] <0.31.0> Application lager started on node nonode@nohost
2017-06-14 01:07:33.477 [info] <0.31.0> Application sentibot started on node nonode@nohost
2017-06-14 01:08:22.859 [error] <0.397.0>@gen_fsm:terminate:543 gen_fsm sentibot_kvs in state {state,#{happy => [58,41],sad => [58,40]},undefined} terminated with reason: call to undefined function sentibot_kvs:terminate/3 from gen_fsm:terminate/7 line 543
2017-06-14 01:08:22.868 [error] <0.397.0>@sentibot_kvs:terminate CRASH REPORT Process sentibot_kvs with 0 neighbours exited with reason: call to undefined function sentibot_kvs:terminate({undef,[{sentibot_kvs,handle_info,[{'$gen_call',{<0.399.0>,#Ref<0.0.1.6305>},{put,"Alice",happy}},...],...},...]}, {state,#{happy => ":)",sad => ":("},undefined}, {state,undefined,#{}}) in gen_fsm:terminate/7 line 547
2017-06-14 01:08:22.869 [error] <0.396.0>@sentibot_kvs:terminate Supervisor sentibot_sup had child sentibot_kvs started with sentibot_kvs:start_link() at <0.397.0> exit with reason call to undefined function sentibot_kvs:terminate({undef,[{sentibot_kvs,handle_info,[{'$gen_call',{<0.399.0>,#Ref<0.0.1.6305>},{put,"Alice",happy}},...],...},...]}, {state,#{happy => ":)",sad => ":("},undefined}, {state,undefined,#{}}) in context child_terminated
2017-06-14 01:09:55.463 [error] <0.401.0>@gen_fsm:terminate:543 gen_fsm sentibot_kvs in state {state,#{happy => [58,41],sad => [58,40]},undefined} terminated with reason: call to undefined function sentibot_kvs:terminate/3 from gen_fsm:terminate/7 line 543
2017-06-14 01:09:55.463 [error] <0.401.0>@sentibot_kvs:terminate CRASH REPORT Process sentibot_kvs with 0 neighbours exited with reason: call to undefined function sentibot_kvs:terminate({undef,[{sentibot_kvs,handle_info,[{'$gen_call',{<0.402.0>,#Ref<0.0.1.6315>},{put,"Alice",happy}},...],...},...]}, {state,#{happy => ":)",sad => ":("},undefined}, {state,undefined,#{}}) in gen_fsm:terminate/7 line 547
2017-06-14 01:09:55.463 [error] <0.396.0>@sentibot_kvs:terminate Supervisor sentibot_sup had child sentibot_kvs started with sentibot_kvs:start_link() at <0.401.0> exit with reason call to undefined function sentibot_kvs:terminate({undef,[{sentibot_kvs,handle_info,[{'$gen_call',{<0.402.0>,#Ref<0.0.1.6315>},{put,"Alice",happy}},...],...},...]}, {state,#{happy => ":)",sad => ":("},undefined}, {state,undefined,#{}}) in context child_terminated
2017-06-14 01:15:09.223 [info] <0.31.0> Application lager started on node nonode@nohost
2017-06-14 01:15:09.229 [error] <0.263.0>@gen_fsm:init_it:347 CRASH REPORT Process sentibot_kvs with 0 neighbours exited with reason: bad return value: {ok,{state,#{happy => ":)",sad => ":("},#{}}} in gen_fsm:init_it/6 line 347
2017-06-14 01:15:09.229 [error] <0.262.0> Supervisor sentibot_sup had child sentibot_kvs started with sentibot_kvs:start_link() at undefined exit with reason bad return value: {ok,{state,#{happy => ":)",sad => ":("},#{}}} in context start_error
2017-06-14 01:15:09.229 [error] <0.229.0> CRASH REPORT Process <0.229.0> with 0 neighbours exited with reason: {{shutdown,{failed_to_start_child,sentibot_kvs,{bad_return_value,{ok,{state,#{happy => ":)",sad => ":("},#{}}}}}},{sentibot_app,start,[normal,[]]}} in application_master:init/4 line 134
2017-06-14 01:15:09.229 [info] <0.31.0> Application sentibot exited with reason: {{shutdown,{failed_to_start_child,sentibot_kvs,{bad_return_value,{ok,{state,#{happy => ":)",sad => ":("},#{}}}}}},{sentibot_app,start,[normal,[]]}}
2017-06-14 01:18:40.845 [info] <0.31.0> Application lager started on node nonode@nohost
2017-06-14 01:18:40.850 [error] <0.257.0>@gen_fsm:init_it:347 CRASH REPORT Process sentibot_kvs with 0 neighbours exited with reason: bad return value: {ok,{state,#{happy => ":)",sad => ":("},#{}}} in gen_fsm:init_it/6 line 347
2017-06-14 01:18:40.850 [error] <0.256.0> Supervisor sentibot_sup had child sentibot_kvs started with sentibot_kvs:start_link() at undefined exit with reason bad return value: {ok,{state,#{happy => ":)",sad => ":("},#{}}} in context start_error
2017-06-14 01:18:40.850 [error] <0.223.0> CRASH REPORT Process <0.223.0> with 0 neighbours exited with reason: {{shutdown,{failed_to_start_child,sentibot_kvs,{bad_return_value,{ok,{state,#{happy => ":)",sad => ":("},#{}}}}}},{sentibot_app,start,[normal,[]]}} in application_master:init/4 line 134
2017-06-14 01:18:40.851 [info] <0.31.0> Application sentibot exited with reason: {{shutdown,{failed_to_start_child,sentibot_kvs,{bad_return_value,{ok,{state,#{happy => ":)",sad => ":("},#{}}}}}},{sentibot_app,start,[normal,[]]}}
2017-06-14 01:20:15.550 [info] <0.31.0> Application lager started on node nonode@nohost
2017-06-14 01:20:15.557 [error] <0.263.0>@gen_fsm:init_it:347 CRASH REPORT Process sentibot_kvs with 0 neighbours exited with reason: bad return value: {ok,{#{happy => ":)",sad => ":("},#{}}} in gen_fsm:init_it/6 line 347
2017-06-14 01:20:15.557 [error] <0.262.0> Supervisor sentibot_sup had child sentibot_kvs started with sentibot_kvs:start_link() at undefined exit with reason bad return value: {ok,{#{happy => ":)",sad => ":("},#{}}} in context start_error
2017-06-14 01:20:15.558 [error] <0.229.0> CRASH REPORT Process <0.229.0> with 0 neighbours exited with reason: {{shutdown,{failed_to_start_child,sentibot_kvs,{bad_return_value,{ok,{#{happy => ":)",sad => ":("},#{}}}}}},{sentibot_app,start,[normal,[]]}} in application_master:init/4 line 134
2017-06-14 01:20:15.558 [info] <0.31.0> Application sentibot exited with reason: {{shutdown,{failed_to_start_child,sentibot_kvs,{bad_return_value,{ok,{#{happy => ":)",sad => ":("},#{}}}}}},{sentibot_app,start,[normal,[]]}}
2017-06-14 01:21:05.211 [info] <0.31.0> Application sentibot started on node nonode@nohost
2017-06-14 01:22:38.403 [info] <0.31.0> Application lager started on node nonode@nohost
2017-06-14 01:22:38.410 [info] <0.31.0> Application sentibot started on node nonode@nohost
2017-06-14 01:24:23.433 [error] <0.263.0>@gen_fsm:terminate:543 gen_fsm sentibot_kvs in state {state,#{happy => [58,41],sad => [58,40]},#{}} terminated with reason: call to undefined function sentibot_kvs:terminate/3 from gen_fsm:terminate/7 line 543
2017-06-14 01:24:23.449 [error] <0.263.0>@sentibot_kvs:terminate CRASH REPORT Process sentibot_kvs with 0 neighbours exited with reason: call to undefined function sentibot_kvs:terminate({undef,[{sentibot_kvs,handle_info,[{'$gen_call',{<0.226.0>,#Ref<0.0.1.212>},{put,"Alice",happy}},...],...},...]}, {state,#{happy => ":)",sad => ":("},#{}}, infinity) in gen_fsm:terminate/7 line 547
2017-06-14 01:24:23.449 [error] <0.262.0>@sentibot_kvs:terminate Supervisor sentibot_sup had child sentibot_kvs started with sentibot_kvs:start_link() at <0.263.0> exit with reason call to undefined function sentibot_kvs:terminate({undef,[{sentibot_kvs,handle_info,[{'$gen_call',{<0.226.0>,#Ref<0.0.1.212>},{put,"Alice",happy}},...],...},...]}, {state,#{happy => ":)",sad => ":("},#{}}, infinity) in context child_terminated
2017-06-14 01:25:41.952 [info] <0.31.0> Application lager started on node nonode@nohost
2017-06-14 01:25:41.957 [info] <0.31.0> Application sentibot started on node nonode@nohost
2017-06-14 01:25:44.072 [error] <0.257.0>@gen_fsm:terminate:543 gen_fsm sentibot_kvs in state {state,#{happy => [58,41],sad => [58,40]},#{}} terminated with reason: call to undefined function sentibot_kvs:terminate/3 from gen_fsm:terminate/7 line 543
2017-06-14 01:25:44.091 [error] <0.257.0>@sentibot_kvs:terminate CRASH REPORT Process sentibot_kvs with 0 neighbours exited with reason: call to undefined function sentibot_kvs:terminate({undef,[{sentibot_kvs,handle_info,[{'$gen_call',{<0.220.0>,#Ref<0.0.3.3894>},{put,"Alice",happy}},...],...},...]}, {state,#{happy => ":)",sad => ":("},#{}}, infinity) in gen_fsm:terminate/7 line 547
2017-06-14 01:25:44.091 [error] <0.256.0>@sentibot_kvs:terminate Supervisor sentibot_sup had child sentibot_kvs started with sentibot_kvs:start_link() at <0.257.0> exit with reason call to undefined function sentibot_kvs:terminate({undef,[{sentibot_kvs,handle_info,[{'$gen_call',{<0.220.0>,#Ref<0.0.3.3894>},{put,"Alice",happy}},...],...},...]}, {state,#{happy => ":)",sad => ":("},#{}}, infinity) in context child_terminated
2017-06-14 01:30:33.266 [error] <0.259.0>@gen_fsm:handle_msg:451 gen_fsm sentibot_kvs in state {state,#{happy => [58,41],sad => [58,40]},#{}} terminated with reason: call to undefined function sentibot_kvs:handle_info/3 from gen_fsm:handle_msg/7 line 451
2017-06-14 01:30:33.266 [error] <0.259.0>@sentibot_kvs:handle_info CRASH REPORT Process sentibot_kvs with 0 neighbours exited with reason: call to undefined function sentibot_kvs:handle_info({'$gen_call',{<0.260.0>,#Ref<0.0.3.7224>},{get}}, {state,#{happy => ":)",sad => ":("},#{}}, infinity) in gen_fsm:terminate/7 line 559
2017-06-14 01:30:33.266 [error] <0.256.0>@sentibot_kvs:handle_info Supervisor sentibot_sup had child sentibot_kvs started with sentibot_kvs:start_link() at <0.259.0> exit with reason call to undefined function sentibot_kvs:handle_info({'$gen_call',{<0.260.0>,#Ref<0.0.3.7224>},{get}}, {state,#{happy => ":)",sad => ":("},#{}}, infinity) in context child_terminated
2017-06-14 01:33:30.865 [info] <0.31.0> Application lager started on node nonode@nohost
2017-06-14 01:33:30.872 [info] <0.31.0> Application sentibot started on node nonode@nohost
2017-06-14 01:33:33.678 [error] <0.263.0>@gen_fsm:terminate:543 gen_fsm sentibot_kvs in state {state,#{happy => [58,41],sad => [58,40]},#{}} terminated with reason: call to undefined function sentibot_kvs:terminate/3 from gen_fsm:terminate/7 line 543
2017-06-14 01:33:33.689 [error] <0.263.0>@sentibot_kvs:terminate CRASH REPORT Process sentibot_kvs with 0 neighbours exited with reason: call to undefined function sentibot_kvs:terminate({undef,[{sentibot_kvs,handle_info,[{'$gen_call',{<0.226.0>,#Ref<0.0.1.200>},{put,"Alice",happy}},...],...},...]}, {state,#{happy => ":)",sad => ":("},#{}}, infinity) in gen_fsm:terminate/7 line 547
2017-06-14 01:33:33.693 [error] <0.262.0>@sentibot_kvs:terminate Supervisor sentibot_sup had child sentibot_kvs started with sentibot_kvs:start_link() at <0.263.0> exit with reason call to undefined function sentibot_kvs:terminate({undef,[{sentibot_kvs,handle_info,[{'$gen_call',{<0.226.0>,#Ref<0.0.1.200>},{put,"Alice",happy}},...],...},...]}, {state,#{happy => ":)",sad => ":("},#{}}, infinity) in context child_terminated
2017-06-14 01:35:16.944 [error] <0.265.0>@gen_fsm:terminate:543 gen_fsm sentibot_kvs in state {state,#{happy => [58,41],sad => [58,40]},#{}} terminated with reason: call to undefined function sentibot_kvs:terminate/3 from gen_fsm:terminate/7 line 543
2017-06-14 01:35:16.944 [error] <0.265.0>@sentibot_kvs:terminate CRASH REPORT Process sentibot_kvs with 0 neighbours exited with reason: call to undefined function sentibot_kvs:terminate({undef,[{sentibot_kvs,handle_info,[{'$gen_call',{<0.266.0>,#Ref<0.0.1.215>},{get}},{state,#{happy => ...,...},...},...],...},...]}, {state,#{happy => ":)",sad => ":("},#{}}, infinity) in gen_fsm:terminate/7 line 547
2017-06-14 01:35:16.952 [error] <0.262.0>@sentibot_kvs:terminate Supervisor sentibot_sup had child sentibot_kvs started with sentibot_kvs:start_link() at <0.265.0> exit with reason call to undefined function sentibot_kvs:terminate({undef,[{sentibot_kvs,handle_info,[{'$gen_call',{<0.266.0>,#Ref<0.0.1.215>},{get}},{state,#{happy => ...,...},...},...],...},...]}, {state,#{happy => ":)",sad => ":("},#{}}, infinity) in context child_terminated
2017-06-14 01:35:51.379 [info] <0.31.0> Application lager started on node nonode@nohost
2017-06-14 01:35:51.387 [info] <0.31.0> Application sentibot started on node nonode@nohost
2017-06-14 01:37:52.490 [info] <0.31.0> Application lager started on node nonode@nohost
2017-06-14 01:37:52.497 [info] <0.31.0> Application sentibot started on node nonode@nohost
2017-06-14 01:38:25.162 [info] <0.31.0> Application lager started on node nonode@nohost
2017-06-14 01:38:25.162 [info] <0.31.0> Application sentibot started on node nonode@nohost
2017-06-14 01:40:53.331 [info] <0.31.0> Application lager started on node nonode@nohost
2017-06-14 01:40:53.331 [info] <0.31.0> Application sentibot started on node nonode@nohost
2017-06-14 01:45:47.052 [info] <0.31.0> Application lager started on node nonode@nohost
2017-06-14 01:45:47.052 [info] <0.31.0> Application sentibot started on node nonode@nohost
2017-06-14 11:33:27.870 [info] <0.31.0> Application lager started on node nonode@nohost
2017-06-14 11:33:27.870 [info] <0.31.0> Application sentibot started on node nonode@nohost
2017-06-14 11:36:36.033 [info] <0.31.0> Application lager started on node nonode@nohost
2017-06-14 11:36:36.033 [info] <0.31.0> Application sentibot started on node nonode@nohost
2017-06-14 11:37:31.369 [info] <0.31.0> Application lager started on node nonode@nohost
2017-06-14 11:37:31.369 [info] <0.31.0> Application sentibot started on node nonode@nohost
2017-06-14 11:38:47.757 [info] <0.31.0> Application lager started on node nonode@nohost
2017-06-14 11:38:47.757 [info] <0.31.0> Application sentibot started on node nonode@nohost
2017-06-14 11:41:00.026 [info] <0.31.0> Application lager started on node nonode@nohost
2017-06-14 11:41:00.026 [info] <0.31.0> Application sentibot started on node nonode@nohost
2017-06-14 11:49:05.286 [info] <0.31.0> Application lager started on node nonode@nohost
2017-06-14 11:49:05.286 [info] <0.31.0> Application sentibot started on node nonode@nohost
