2017-06-16 00:55:37.715 [error] <0.299.0>@sentibot_kvs:put_user:25 gen_server sentibot_ctl terminated with reason: no match of right hand value {ok,":simple_smile:"} in sentibot_kvs:put_user/3 line 25
2017-06-16 00:55:37.729 [error] <0.299.0>@sentibot_kvs:put_user:25 CRASH REPORT Process sentibot_ctl with 0 neighbours exited with reason: no match of right hand value {ok,":simple_smile:"} in sentibot_kvs:put_user/3 line 25 in gen_server:terminate/7 line 812
2017-06-16 00:55:37.729 [error] <0.297.0>@sentibot_kvs:put_user:25 Supervisor sentibot_sup had child sentibot_ctl started with sentibot_ctl:start_link() at <0.299.0> exit with reason no match of right hand value {ok,":simple_smile:"} in sentibot_kvs:put_user/3 line 25 in context child_terminated
2017-06-16 00:57:59.860 [error] <0.299.0>@sentibot_kvs:put_user:25 gen_server sentibot_ctl terminated with reason: no match of right hand value {ok,":simple_smile:"} in sentibot_kvs:put_user/3 line 25
2017-06-16 00:57:59.872 [error] <0.299.0>@sentibot_kvs:put_user:25 CRASH REPORT Process sentibot_ctl with 0 neighbours exited with reason: no match of right hand value {ok,":simple_smile:"} in sentibot_kvs:put_user/3 line 25 in gen_server:terminate/7 line 812
2017-06-16 00:57:59.872 [error] <0.297.0>@sentibot_kvs:put_user:25 Supervisor sentibot_sup had child sentibot_ctl started with sentibot_ctl:start_link() at <0.299.0> exit with reason no match of right hand value {ok,":simple_smile:"} in sentibot_kvs:put_user/3 line 25 in context child_terminated
2017-06-16 00:59:57.685 [error] <0.299.0>@sentibot_ctl:put_feeling:77 gen_server sentibot_ctl terminated with reason: no match of right hand value ":simple_smile:" in sentibot_ctl:put_feeling/2 line 77
2017-06-16 00:59:57.696 [error] <0.299.0>@sentibot_ctl:put_feeling:77 CRASH REPORT Process sentibot_ctl with 0 neighbours exited with reason: no match of right hand value ":simple_smile:" in sentibot_ctl:put_feeling/2 line 77 in gen_server:terminate/7 line 812
2017-06-16 00:59:57.697 [error] <0.297.0>@sentibot_ctl:put_feeling:77 Supervisor sentibot_sup had child sentibot_ctl started with sentibot_ctl:start_link() at <0.299.0> exit with reason no match of right hand value ":simple_smile:" in sentibot_ctl:put_feeling/2 line 77 in context child_terminated
2017-06-16 01:15:18.478 [error] <0.299.0>@sentibot_ctl:put_feeling:77 gen_server sentibot_ctl terminated with reason: no match of right hand value ":scream:" in sentibot_ctl:put_feeling/2 line 77
2017-06-16 01:15:18.495 [error] <0.299.0>@sentibot_ctl:put_feeling:77 CRASH REPORT Process sentibot_ctl with 0 neighbours exited with reason: no match of right hand value ":scream:" in sentibot_ctl:put_feeling/2 line 77 in gen_server:terminate/7 line 812
2017-06-16 01:15:18.495 [error] <0.297.0>@sentibot_ctl:put_feeling:77 Supervisor sentibot_sup had child sentibot_ctl started with sentibot_ctl:start_link() at <0.299.0> exit with reason no match of right hand value ":scream:" in sentibot_ctl:put_feeling/2 line 77 in context child_terminated
2017-06-16 01:21:05.855 [error] <0.324.0>@sentibot_ctl:parse:58 gen_server sentibot_ctl terminated with reason: no match of right hand value error in sentibot_ctl:parse/3 line 58
2017-06-16 01:21:05.855 [error] <0.324.0>@sentibot_ctl:parse:58 CRASH REPORT Process sentibot_ctl with 0 neighbours exited with reason: no match of right hand value error in sentibot_ctl:parse/3 line 58 in gen_server:terminate/7 line 812
2017-06-16 01:21:05.855 [error] <0.297.0>@sentibot_ctl:parse:58 Supervisor sentibot_sup had child sentibot_ctl started with sentibot_ctl:start_link() at <0.324.0> exit with reason no match of right hand value error in sentibot_ctl:parse/3 line 58 in context child_terminated
2017-06-16 01:22:01.596 [error] <0.300.0>@mochiweb_util:quote_plus:184 gen_server sentibot_slack terminated with reason: bad argument in mochiweb_util:quote_plus/2 line 184
2017-06-16 01:22:01.596 [error] <0.300.0>@mochiweb_util:quote_plus:184 CRASH REPORT Process sentibot_slack with 0 neighbours exited with reason: bad argument in mochiweb_util:quote_plus/2 line 184
2017-06-16 01:22:01.596 [error] <0.297.0>@mochiweb_util:quote_plus:184 Supervisor sentibot_sup had child sentibot_slack started with sentibot_slack:start_link() at <0.300.0> exit with reason bad argument in mochiweb_util:quote_plus/2 line 184 in context child_terminated
2017-06-16 01:22:12.416 [error] <0.500.0>@sentibot_ctl:parse:58 gen_server sentibot_ctl terminated with reason: no match of right hand value error in sentibot_ctl:parse/3 line 58
2017-06-16 01:22:12.417 [error] <0.500.0>@sentibot_ctl:parse:58 CRASH REPORT Process sentibot_ctl with 0 neighbours exited with reason: no match of right hand value error in sentibot_ctl:parse/3 line 58 in gen_server:terminate/7 line 812
2017-06-16 01:22:12.417 [error] <0.297.0>@sentibot_ctl:parse:58 Supervisor sentibot_sup had child sentibot_ctl started with sentibot_ctl:start_link() at <0.500.0> exit with reason no match of right hand value error in sentibot_ctl:parse/3 line 58 in context child_terminated
2017-06-16 01:22:49.549 [error] <0.503.0>@mochiweb_util:quote_plus:184 gen_server sentibot_slack terminated with reason: bad argument in mochiweb_util:quote_plus/2 line 184
2017-06-16 01:22:49.549 [error] <0.503.0>@mochiweb_util:quote_plus:184 CRASH REPORT Process sentibot_slack with 0 neighbours exited with reason: bad argument in mochiweb_util:quote_plus/2 line 184
2017-06-16 01:22:49.549 [error] <0.297.0>@mochiweb_util:quote_plus:184 Supervisor sentibot_sup had child sentibot_slack started with sentibot_slack:start_link() at <0.503.0> exit with reason bad argument in mochiweb_util:quote_plus/2 line 184 in context child_terminated
2017-06-16 01:36:17.699 [error] <0.306.0>@mochiweb_util:quote_plus:184 gen_server sentibot_slack terminated with reason: bad argument in mochiweb_util:quote_plus/2 line 184
2017-06-16 01:36:17.710 [error] <0.306.0>@mochiweb_util:quote_plus:184 CRASH REPORT Process sentibot_slack with 0 neighbours exited with reason: bad argument in mochiweb_util:quote_plus/2 line 184
2017-06-16 01:36:17.711 [error] <0.303.0>@mochiweb_util:quote_plus:184 Supervisor sentibot_sup had child sentibot_slack started with sentibot_slack:start_link() at <0.306.0> exit with reason bad argument in mochiweb_util:quote_plus/2 line 184 in context child_terminated
2017-06-16 01:36:50.599 [error] <0.330.0>@mochiweb_util:quote_plus:184 gen_server sentibot_slack terminated with reason: bad argument in mochiweb_util:quote_plus/2 line 184
2017-06-16 01:36:50.599 [error] <0.330.0>@mochiweb_util:quote_plus:184 CRASH REPORT Process sentibot_slack with 0 neighbours exited with reason: bad argument in mochiweb_util:quote_plus/2 line 184
2017-06-16 01:36:50.599 [error] <0.303.0>@mochiweb_util:quote_plus:184 Supervisor sentibot_sup had child sentibot_slack started with sentibot_slack:start_link() at <0.330.0> exit with reason bad argument in mochiweb_util:quote_plus/2 line 184 in context child_terminated
2017-06-16 01:36:58.290 [error] <0.501.0>@mochiweb_util:quote_plus:184 gen_server sentibot_slack terminated with reason: bad argument in mochiweb_util:quote_plus/2 line 184
2017-06-16 01:36:58.291 [error] <0.501.0>@mochiweb_util:quote_plus:184 CRASH REPORT Process sentibot_slack with 0 neighbours exited with reason: bad argument in mochiweb_util:quote_plus/2 line 184
2017-06-16 01:36:58.291 [error] <0.303.0>@mochiweb_util:quote_plus:184 Supervisor sentibot_sup had child sentibot_slack started with sentibot_slack:start_link() at <0.501.0> exit with reason bad argument in mochiweb_util:quote_plus/2 line 184 in context child_terminated
2017-06-16 01:39:50.665 [error] <0.299.0> gen_server sentibot_ctl terminated with reason: {timeout,{gen_server,call,[sentibot_kvs,{clear,"G5TH3878R"}]}} in gen_server:call/2 line 204
2017-06-16 01:39:50.676 [error] <0.299.0> CRASH REPORT Process sentibot_ctl with 0 neighbours exited with reason: {timeout,{gen_server,call,[sentibot_kvs,{clear,"G5TH3878R"}]}} in gen_server:terminate/7 line 812
2017-06-16 01:39:50.676 [error] <0.297.0> Supervisor sentibot_sup had child sentibot_ctl started with sentibot_ctl:start_link() at <0.299.0> exit with reason {timeout,{gen_server,call,[sentibot_kvs,{clear,"G5TH3878R"}]}} in context child_terminated
2017-06-16 01:40:39.732 [error] <0.300.0>@mochiweb_util:quote_plus:184 gen_server sentibot_slack terminated with reason: bad argument in mochiweb_util:quote_plus/2 line 184
2017-06-16 01:40:39.732 [error] <0.300.0>@mochiweb_util:quote_plus:184 CRASH REPORT Process sentibot_slack with 0 neighbours exited with reason: bad argument in mochiweb_util:quote_plus/2 line 184
2017-06-16 01:40:39.732 [error] <0.297.0>@mochiweb_util:quote_plus:184 Supervisor sentibot_sup had child sentibot_slack started with sentibot_slack:start_link() at <0.300.0> exit with reason bad argument in mochiweb_util:quote_plus/2 line 184 in context child_terminated
2017-06-16 01:41:40.476 [error] <0.294.0>@mochiweb_util:quote_plus:184 gen_server sentibot_slack terminated with reason: bad argument in mochiweb_util:quote_plus/2 line 184
2017-06-16 01:41:40.499 [error] <0.294.0>@mochiweb_util:quote_plus:184 CRASH REPORT Process sentibot_slack with 0 neighbours exited with reason: bad argument in mochiweb_util:quote_plus/2 line 184
2017-06-16 01:41:40.500 [error] <0.291.0>@mochiweb_util:quote_plus:184 Supervisor sentibot_sup had child sentibot_slack started with sentibot_slack:start_link() at <0.294.0> exit with reason bad argument in mochiweb_util:quote_plus/2 line 184 in context child_terminated
2017-06-16 01:43:58.388 [error] <0.300.0>@mochiweb_util:quote_plus:184 gen_server sentibot_slack terminated with reason: bad argument in mochiweb_util:quote_plus/2 line 184
2017-06-16 01:43:58.400 [error] <0.300.0>@mochiweb_util:quote_plus:184 CRASH REPORT Process sentibot_slack with 0 neighbours exited with reason: bad argument in mochiweb_util:quote_plus/2 line 184
2017-06-16 01:43:58.400 [error] <0.297.0>@mochiweb_util:quote_plus:184 Supervisor sentibot_sup had child sentibot_slack started with sentibot_slack:start_link() at <0.300.0> exit with reason bad argument in mochiweb_util:quote_plus/2 line 184 in context child_terminated
2017-06-16 01:47:32.573 [error] <0.294.0>@mochiweb_util:quote_plus:184 gen_server sentibot_slack terminated with reason: bad argument in mochiweb_util:quote_plus/2 line 184
2017-06-16 01:47:32.584 [error] <0.294.0>@mochiweb_util:quote_plus:184 CRASH REPORT Process sentibot_slack with 0 neighbours exited with reason: bad argument in mochiweb_util:quote_plus/2 line 184
2017-06-16 01:47:32.584 [error] <0.291.0>@mochiweb_util:quote_plus:184 Supervisor sentibot_sup had child sentibot_slack started with sentibot_slack:start_link() at <0.294.0> exit with reason bad argument in mochiweb_util:quote_plus/2 line 184 in context child_terminated
2017-06-16 01:49:33.072 [error] <0.318.0>@mochiweb_util:quote_plus:184 gen_server sentibot_slack terminated with reason: bad argument in mochiweb_util:quote_plus/2 line 184
2017-06-16 01:49:33.072 [error] <0.318.0>@mochiweb_util:quote_plus:184 CRASH REPORT Process sentibot_slack with 0 neighbours exited with reason: bad argument in mochiweb_util:quote_plus/2 line 184
2017-06-16 01:49:33.072 [error] <0.291.0>@mochiweb_util:quote_plus:184 Supervisor sentibot_sup had child sentibot_slack started with sentibot_slack:start_link() at <0.318.0> exit with reason bad argument in mochiweb_util:quote_plus/2 line 184 in context child_terminated
2017-06-16 01:51:00.700 [error] <0.306.0>@mochiweb_util:quote_plus:184 gen_server sentibot_slack terminated with reason: bad argument in mochiweb_util:quote_plus/2 line 184
2017-06-16 01:51:00.714 [error] <0.306.0>@mochiweb_util:quote_plus:184 CRASH REPORT Process sentibot_slack with 0 neighbours exited with reason: bad argument in mochiweb_util:quote_plus/2 line 184
2017-06-16 01:51:00.715 [error] <0.303.0>@mochiweb_util:quote_plus:184 Supervisor sentibot_sup had child sentibot_slack started with sentibot_slack:start_link() at <0.306.0> exit with reason bad argument in mochiweb_util:quote_plus/2 line 184 in context child_terminated
2017-06-16 01:53:16.266 [error] <0.305.0>@sentibot_ctl:put_feeling:78 gen_server sentibot_ctl terminated with reason: no match of right hand value ":flag-cp:" in sentibot_ctl:put_feeling/2 line 78
2017-06-16 01:53:16.266 [error] <0.305.0>@sentibot_ctl:put_feeling:78 CRASH REPORT Process sentibot_ctl with 0 neighbours exited with reason: no match of right hand value ":flag-cp:" in sentibot_ctl:put_feeling/2 line 78 in gen_server:terminate/7 line 812
2017-06-16 01:53:16.266 [error] <0.303.0>@sentibot_ctl:put_feeling:78 Supervisor sentibot_sup had child sentibot_ctl started with sentibot_ctl:start_link() at <0.305.0> exit with reason no match of right hand value ":flag-cp:" in sentibot_ctl:put_feeling/2 line 78 in context child_terminated
2017-06-16 01:53:25.035 [error] <0.503.0>@sentibot_ctl:put_feeling:78 gen_server sentibot_ctl terminated with reason: no match of right hand value ":panda_face:" in sentibot_ctl:put_feeling/2 line 78
2017-06-16 01:53:25.035 [error] <0.503.0>@sentibot_ctl:put_feeling:78 CRASH REPORT Process sentibot_ctl with 0 neighbours exited with reason: no match of right hand value ":panda_face:" in sentibot_ctl:put_feeling/2 line 78 in gen_server:terminate/7 line 812
2017-06-16 01:53:25.035 [error] <0.303.0>@sentibot_ctl:put_feeling:78 Supervisor sentibot_sup had child sentibot_ctl started with sentibot_ctl:start_link() at <0.503.0> exit with reason no match of right hand value ":panda_face:" in sentibot_ctl:put_feeling/2 line 78 in context child_terminated
2017-06-16 01:55:32.571 [error] <0.504.0>@sentibot_ctl:put_feeling:78 gen_server sentibot_ctl terminated with reason: no match of right hand value ":panda_face:" in sentibot_ctl:put_feeling/2 line 78
2017-06-16 01:55:32.571 [error] <0.504.0>@sentibot_ctl:put_feeling:78 CRASH REPORT Process sentibot_ctl with 0 neighbours exited with reason: no match of right hand value ":panda_face:" in sentibot_ctl:put_feeling/2 line 78 in gen_server:terminate/7 line 812
2017-06-16 01:55:32.571 [error] <0.303.0>@sentibot_ctl:put_feeling:78 Supervisor sentibot_sup had child sentibot_ctl started with sentibot_ctl:start_link() at <0.504.0> exit with reason no match of right hand value ":panda_face:" in sentibot_ctl:put_feeling/2 line 78 in context child_terminated
2017-06-16 01:55:58.121 [error] <0.507.0>@sentibot_ctl:put_feeling:78 gen_server sentibot_ctl terminated with reason: no match of right hand value ":panda_face:" in sentibot_ctl:put_feeling/2 line 78
2017-06-16 01:55:58.121 [error] <0.507.0>@sentibot_ctl:put_feeling:78 CRASH REPORT Process sentibot_ctl with 0 neighbours exited with reason: no match of right hand value ":panda_face:" in sentibot_ctl:put_feeling/2 line 78 in gen_server:terminate/7 line 812
2017-06-16 01:55:58.121 [error] <0.303.0>@sentibot_ctl:put_feeling:78 Supervisor sentibot_sup had child sentibot_ctl started with sentibot_ctl:start_link() at <0.507.0> exit with reason no match of right hand value ":panda_face:" in sentibot_ctl:put_feeling/2 line 78 in context child_terminated
2017-06-16 01:57:44.386 [error] <0.508.0>@sentibot_ctl:put_feeling:78 gen_server sentibot_ctl terminated with reason: no match of right hand value ":spider:" in sentibot_ctl:put_feeling/2 line 78
2017-06-16 01:57:44.386 [error] <0.508.0>@sentibot_ctl:put_feeling:78 CRASH REPORT Process sentibot_ctl with 0 neighbours exited with reason: no match of right hand value ":spider:" in sentibot_ctl:put_feeling/2 line 78 in gen_server:terminate/7 line 812
2017-06-16 01:57:44.386 [error] <0.303.0>@sentibot_ctl:put_feeling:78 Supervisor sentibot_sup had child sentibot_ctl started with sentibot_ctl:start_link() at <0.508.0> exit with reason no match of right hand value ":spider:" in sentibot_ctl:put_feeling/2 line 78 in context child_terminated
2017-06-16 01:59:45.429 [error] <0.511.0>@sentibot_ctl:put_feeling:78 gen_server sentibot_ctl terminated with reason: no match of right hand value ":spider:" in sentibot_ctl:put_feeling/2 line 78
2017-06-16 01:59:45.429 [error] <0.511.0>@sentibot_ctl:put_feeling:78 CRASH REPORT Process sentibot_ctl with 0 neighbours exited with reason: no match of right hand value ":spider:" in sentibot_ctl:put_feeling/2 line 78 in gen_server:terminate/7 line 812
2017-06-16 01:59:45.429 [error] <0.303.0>@sentibot_ctl:put_feeling:78 Supervisor sentibot_sup had child sentibot_ctl started with sentibot_ctl:start_link() at <0.511.0> exit with reason no match of right hand value ":spider:" in sentibot_ctl:put_feeling/2 line 78 in context child_terminated
2017-06-16 02:01:41.316 [error] <0.299.0>@sentibot_ctl:put_feeling:78 gen_server sentibot_ctl terminated with reason: no match of right hand value ":guitar:" in sentibot_ctl:put_feeling/2 line 78
2017-06-16 02:01:41.332 [error] <0.299.0>@sentibot_ctl:put_feeling:78 CRASH REPORT Process sentibot_ctl with 0 neighbours exited with reason: no match of right hand value ":guitar:" in sentibot_ctl:put_feeling/2 line 78 in gen_server:terminate/7 line 812
2017-06-16 02:01:41.332 [error] <0.297.0>@sentibot_ctl:put_feeling:78 Supervisor sentibot_sup had child sentibot_ctl started with sentibot_ctl:start_link() at <0.299.0> exit with reason no match of right hand value ":guitar:" in sentibot_ctl:put_feeling/2 line 78 in context child_terminated
2017-06-16 02:16:08.728 [error] <0.298.0>@sentibot_kvs:handle_call:83 gen_server sentibot_kvs terminated with reason: no match of right hand value #{} in sentibot_kvs:handle_call/3 line 83
2017-06-16 02:16:08.747 [error] <0.298.0>@sentibot_kvs:handle_call:83 CRASH REPORT Process sentibot_kvs with 0 neighbours exited with reason: no match of right hand value #{} in sentibot_kvs:handle_call/3 line 83 in gen_server:terminate/7 line 812
2017-06-16 02:16:08.748 [error] <0.297.0>@sentibot_kvs:handle_call:83 Supervisor sentibot_sup had child sentibot_kvs started with sentibot_kvs:start_link() at <0.298.0> exit with reason no match of right hand value #{} in sentibot_kvs:handle_call/3 line 83 in context child_terminated
2017-06-16 02:16:08.748 [error] <0.299.0> gen_server sentibot_ctl terminated with reason: {{{badmatch,#{}},[{sentibot_kvs,handle_call,3,[{file,"/Users/sebastien/Documents/HEIG-VD/SEM6/MCS/HEIG-MCS-sentibot/_build/default/lib/sentibot/src/sentibot_kvs.erl"},{line,83}]},{gen_server,try_handle_call,4,[{file,"gen_server.erl"},{line,615}]},{gen_server,handle_msg,5,[{file,"gen_server.erl"},{line,647}]},{proc_lib,init_p_do_apply,3,[{file,"proc_lib.erl"},{line,247}]}]},{gen_server,call,[sentibot_kvs,{clear,"G5TH3878R"}]}} in gen_server:call/2 line 204
2017-06-16 02:16:08.749 [error] <0.299.0> CRASH REPORT Process sentibot_ctl with 0 neighbours exited with reason: {{{badmatch,#{}},[{sentibot_kvs,handle_call,3,[{file,"/Users/sebastien/Documents/HEIG-VD/SEM6/MCS/HEIG-MCS-sentibot/_build/default/lib/sentibot/src/sentibot_kvs.erl"},{line,83}]},{gen_server,try_handle_call,4,[{file,"gen_server.erl"},{line,615}]},{gen_server,handle_msg,5,[{file,"gen_server.erl"},{line,647}]},{proc_lib,init_p_do_apply,3,[{file,"proc_lib.erl"},{line,247}]}]},{gen_server,call,[sentibot_kvs,{clear,"G5TH3878R"}]}} in gen_server:terminate/7 line 812
2017-06-16 02:16:08.749 [error] <0.297.0> Supervisor sentibot_sup had child sentibot_ctl started with sentibot_ctl:start_link() at <0.299.0> exit with reason {{{badmatch,#{}},[{sentibot_kvs,handle_call,3,[{file,"/Users/sebastien/Documents/HEIG-VD/SEM6/MCS/HEIG-MCS-sentibot/_build/default/lib/sentibot/src/sentibot_kvs.erl"},{line,83}]},{gen_server,try_handle_call,4,[{file,"gen_server.erl"},{line,615}]},{gen_server,handle_msg,5,[{file,"gen_server.erl"},{line,647}]},{proc_lib,init_p_do_apply,3,[{file,"proc_lib.erl"},{line,247}]}]},{gen_server,call,[sentibot_kvs,{clear,"G5TH3878R"}]}} in context child_terminated
2017-06-16 02:16:08.749 [error] <0.297.0> Supervisor sentibot_sup had child sentibot_ctl started with sentibot_ctl:start_link() at <0.299.0> exit with reason reached_max_restart_intensity in context shutdown
